模型目录: result_back/happo
随机种子: 1
--------------------------------------------------
实验名称: happo_lag_2v2_noweapon_vsbaseline
算法: happo
环境: lag
场景: MultipleCombat
任务: 2v2/NoWeapon/vsBaseline
✓ Runner和环境创建成功
加载训练模型...
✓ 模型加载成功
开始渲染...
start rendering
total reward of this episode: 32.129456966981444
✓ 渲染完成

模型目录: result/hasac
随机种子: 1
--------------------------------------------------
实验名称: hasac_lag_2v2_noweapon_vsbaseline
算法: hasac
环境: lag
场景: MultipleCombat
任务: 2v2/NoWeapon/vsBaseline
创建Runner和环境...
✓ Runner和环境创建成功
加载训练模型...
✓ 模型加载成功
开始渲染...
start rendering
total reward of this episode: 36.060787351423315
✓ 渲染完成

模型目录: result/happo_optimized
随机种子: 1
--------------------------------------------------
实验名称: happo_optimized_lag_2v2_noweapon_vsbaseline
算法: happo_optimized
环境: lag
场景: MultipleCombat
任务: 2v2/NoWeapon/vsBaseline
✓ Runner和环境创建成功
加载训练模型...
✓ 模型加载成功
开始渲染...
start rendering
total reward of this episode: 32.83680855264057
✓ 渲染完成

模型目录: result/happo_optimized_fine_tune
随机种子: 1
--------------------------------------------------
实验名称: happo_optimized_lag_2v2_noweapon_vsbaseline
算法: happo_optimized
环境: lag
场景: MultipleCombat
任务: 2v2/NoWeapon/vsBaseline
✓ Runner和环境创建成功
加载训练模型...
✓ 模型加载成功
开始渲染...
start rendering
total reward of this episode: 32.458085268861836
✓ 渲染完成